Build started 18/08/2013 16:42:40.
     1>Project "C:\Users\AceTeaM\Documents\GitHub\Arduino-Project\Arduino App\main\main.vcxproj" on node 2 (ClCompile target(s)).
     1>ClCompile:
         C:\Program Files (x86)\Microsoft Visual Studio 10.0\VC\bin\CL.exe /c /I"C:\Program Files (x86)\Arduino\hardware\arduino\cores\arduino" /I"C:\Program Files (x86)\Arduino\hardware\arduino\variants\mega" /I"c:\program files (x86)\arduino\hardware\tools\avr\avr\include\\" /I"c:\program files (x86)\arduino\hardware\tools\avr\avr\include\avr\\" /I"c:\program files (x86)\arduino\hardware\tools\avr\avr\\" /I"c:\program files (x86)\arduino\hardware\tools\avr\lib\gcc\avr\4.3.2\include\\" /ZI /nologo /W3 /WX- /Od /Oy- /D __AVR_ATmega2560__ /D ARDUINO=105 /D __AVR__ /D F_CPU=16000000L /D __cplusplus /D _MBCS /X /Gm /EHsc /RTC1 /MDd /GS /fp:precise /Zc:wchar_t /Zc:forScope /Fo"Debug\\" /Fd"Debug\vc100.pdb" /Gd /TP /FI"C:\Users\AceTeaM\Documents\GitHub\Arduino-Project\Arduino App\main\Visual Micro\.main.vsarduino.h" /analyze- /errorReport:prompt NetworkServer.cpp
         NetworkServer.cpp
     1>c1xx : warning C4117: macro name '__cplusplus' is reserved, '#define' ignored
     1>c:\users\aceteam\documents\github\arduino-project\arduino app\main\visual micro\.main.vsarduino.h(4): warning C4005: '__AVR_ATmega2560__' : macro redefinition
                 command-line arguments :  see previous definition of '__AVR_ATmega2560__'
     1>c:\users\aceteam\documents\github\arduino-project\arduino app\main\visual micro\.main.vsarduino.h(6): warning C4005: '__AVR__' : macro redefinition
                 command-line arguments :  see previous definition of '__AVR__'
     1>c:\users\aceteam\documents\github\arduino-project\arduino app\main\visual micro\.main.vsarduino.h(8): warning C4117: macro name '__cplusplus' is reserved, '#define' ignored
     1>c:\users\aceteam\documents\github\arduino-project\arduino app\main\visual micro\.main.vsarduino.h(16): warning C4005: '__asm__' : macro redefinition
                 c:\users\aceteam\documents\github\arduino-project\arduino app\main\visual micro\.main.vsarduino.h(11) : see previous definition of '__asm__'
     1>c:\program files (x86)\arduino\hardware\tools\avr\lib\gcc\avr\4.3.2\include\stddef.h(214): error C2371: 'size_t' : redefinition; different basic types
                 c:\users\aceteam\documents\github\arduino-project\arduino app\main\predefined c++ types (compiler internal)(19) : see declaration of 'size_t'
     1>c:\program files (x86)\arduino\hardware\tools\avr\avr\include\avr\pgmspace.h(123): warning C4091: 'typedef ' : ignored on left of 'void' when no variable is declared
     1>c:\program files (x86)\arduino\hardware\tools\avr\avr\include\stdlib.h(106): error C3646: '__ATTR_NORETURN__' : unknown override specifier
     1>c:\program files (x86)\arduino\hardware\tools\avr\avr\include\stdlib.h(152): error C2072: 'div' : initialization of a function
     1>c:\program files (x86)\arduino\hardware\tools\avr\avr\include\stdlib.h(152): error C2440: 'initializing' : cannot convert from 'const char [12]' to 'div_t (int,int)'
                 There are no conversions to function types, although there are conversions to references or pointers to functions
     1>c:\program files (x86)\arduino\hardware\tools\avr\avr\include\stdlib.h(158): error C2072: 'ldiv' : initialization of a function
     1>c:\program files (x86)\arduino\hardware\tools\avr\avr\include\stdlib.h(158): error C2440: 'initializing' : cannot convert from 'const char [12]' to 'ldiv_t (long,long)'
                 There are no conversions to function types, although there are conversions to references or pointers to functions
     1>c:\program files (x86)\arduino\hardware\tools\avr\avr\include\stdlib.h(278): error C3646: '__ATTR_NORETURN__' : unknown override specifier
     1>c:\program files (x86)\arduino\hardware\tools\avr\avr\include\stdlib.h(290): error C3646: '__ATTR_MALLOC__' : unknown override specifier
     1>c:\program files (x86)\arduino\hardware\tools\avr\avr\include\stdlib.h(319): error C3646: '__ATTR_MALLOC__' : unknown override specifier
     1>c:\program files (x86)\arduino\hardware\tools\avr\avr\include\stdlib.h(338): error C3646: '__ATTR_MALLOC__' : unknown override specifier
     1>c:\program files (x86)\arduino\hardware\tools\avr\avr\include\math.h(336): error C2143: syntax error : missing ')' before ':'
     1>c:\program files (x86)\arduino\hardware\tools\avr\avr\include\math.h(337): error C2059: syntax error : ')'
     1>c:\program files (x86)\arduino\hardware\tools\avr\avr\include\math.h(413): error C2143: syntax error : missing ')' before ':'
     1>c:\program files (x86)\arduino\hardware\tools\avr\avr\include\math.h(414): error C2059: syntax error : ')'
     1>c:\program files (x86)\arduino\hardware\tools\avr\avr\include\avr\interrupt.h(110): error C2010: '[' : unexpected in macro formal parameter list
     1>c:\program files (x86)\arduino\hardware\tools\avr\avr\include\avr\interrupt.h(110): error C2010: ']' : unexpected in macro formal parameter list
     1>c:\program files (x86)\arduino\hardware\tools\avr\lib\gcc\avr\4.3.2\include\stdarg.h(43): error C4430: missing type specifier - int assumed. Note: C++ does not support default-int
     1>c:\users\aceteam\documents\github\arduino-project\arduino app\main\networkserver.h(13): error C2146: syntax error : missing ';' before identifier 'udp'
     1>c:\users\aceteam\documents\github\arduino-project\arduino app\main\networkserver.h(13): error C4430: missing type specifier - int assumed. Note: C++ does not support default-int
     1>c:\users\aceteam\documents\github\arduino-project\arduino app\main\networkserver.h(13): error C4430: missing type specifier - int assumed. Note: C++ does not support default-int
     1>c:\users\aceteam\documents\github\arduino-project\arduino app\main\networkserver.cpp(2): fatal error C1083: Cannot open include file: 'WiFiUdp.h': No such file or directory
     1>Done Building Project "C:\Users\AceTeaM\Documents\GitHub\Arduino-Project\Arduino App\main\main.vcxproj" (ClCompile target(s)) -- FAILED.

Build FAILED.

Time Elapsed 00:00:00.20
